This is pdfTeX, Version 3.14159265-2.6-1.40.16 (MiKTeX 2.9) (preloaded format=pdflatex 2016.2.15)  5 APR 2016 14:59
entering extended mode
**./2014MCS2800_2014MCS2124.tex
(2014MCS2800_2014MCS2124.tex
LaTeX2e <2015/10/01> patch level 2
Babel <3.9n> and hyphenation patterns for 69 languages loaded.
("C:\Program Files (x86)\MiKTeX 2.9\tex\latex\base\article.cls"
Document Class: article 2014/09/29 v1.4h Standard LaTeX document class
("C:\Program Files (x86)\MiKTeX 2.9\tex\latex\base\size10.clo"
File: size10.clo 2014/09/29 v1.4h Standard LaTeX file (size option)
)
\c@part=\count79
\c@section=\count80
\c@subsection=\count81
\c@subsubsection=\count82
\c@paragraph=\count83
\c@subparagraph=\count84
\c@figure=\count85
\c@table=\count86
\abovecaptionskip=\skip41
\belowcaptionskip=\skip42
\bibindent=\dimen102
)
("C:\Program Files (x86)\MiKTeX 2.9\tex\latex\biblatex\biblatex.sty"
Package: biblatex 2016/03/03 v3.3 programmable bibliographies (PK/JW/AB)


Package biblatex Warning: No "backend" specified, using Biber backend.
(biblatex)                To use BibTeX, load biblatex with 
(biblatex)                the "backend=bibtex" option.

("C:\Program Files (x86)\MiKTeX 2.9\tex\latex\biblatex\biblatex_.sty"
Package: biblatex_ 2016/03/03 v3.3 programmable bibliographies (biber) (PK/JW/A
B)

("C:\Program Files (x86)\MiKTeX 2.9\tex\latex\etoolbox\etoolbox.sty"
Package: etoolbox 2015/08/02 v2.2a e-TeX tools for LaTeX (JAW)
\etb@tempcnta=\count87
)
("C:\Program Files (x86)\MiKTeX 2.9\tex\latex\graphics\keyval.sty"
Package: keyval 2014/10/28 v1.15 key=value parser (DPC)
\KV@toks@=\toks14
)
("C:\Program Files (x86)\MiKTeX 2.9\tex\latex\oberdiek\kvoptions.sty"
Package: kvoptions 2011/06/30 v3.11 Key value format for package options (HO)

("C:\Program Files (x86)\MiKTeX 2.9\tex\generic\oberdiek\ltxcmds.sty"
Package: ltxcmds 2011/11/09 v1.22 LaTeX kernel commands for general use (HO)
)
("C:\Program Files (x86)\MiKTeX 2.9\tex\generic\oberdiek\kvsetkeys.sty"
Package: kvsetkeys 2012/04/25 v1.16 Key value parser (HO)

("C:\Program Files (x86)\MiKTeX 2.9\tex\generic\oberdiek\infwarerr.sty"
Package: infwarerr 2010/04/08 v1.3 Providing info/warning/error messages (HO)
)
("C:\Program Files (x86)\MiKTeX 2.9\tex\generic\oberdiek\etexcmds.sty"
Package: etexcmds 2011/02/16 v1.5 Avoid name clashes with e-TeX commands (HO)

("C:\Program Files (x86)\MiKTeX 2.9\tex\generic\oberdiek\ifluatex.sty"
Package: ifluatex 2010/03/01 v1.3 Provides the ifluatex switch (HO)
Package ifluatex Info: LuaTeX not detected.
)
Package etexcmds Info: Could not find \expanded.
(etexcmds)             That can mean that you are not using pdfTeX 1.50 or
(etexcmds)             that some package has redefined \expanded.
(etexcmds)             In the latter case, load this package earlier.
)))
("C:\Program Files (x86)\MiKTeX 2.9\tex\latex\logreq\logreq.sty"
Package: logreq 2010/08/04 v1.0 xml request logger
\lrq@indent=\count88

("C:\Program Files (x86)\MiKTeX 2.9\tex\latex\logreq\logreq.def"
File: logreq.def 2010/08/04 v1.0 logreq spec v1.0
))
("C:\Program Files (x86)\MiKTeX 2.9\tex\latex\base\ifthen.sty"
Package: ifthen 2014/09/29 v1.1c Standard LaTeX ifthen package (DPC)
)
("C:\Program Files (x86)\MiKTeX 2.9\tex\latex\url\url.sty"
\Urlmuskip=\muskip10
Package: url 2013/09/16  ver 3.4  Verb mode for urls, etc.
)
\c@tabx@nest=\count89
\c@listtotal=\count90
\c@listcount=\count91
\c@liststart=\count92
\c@liststop=\count93
\c@citecount=\count94
\c@citetotal=\count95
\c@multicitecount=\count96
\c@multicitetotal=\count97
\c@instcount=\count98
\c@maxnames=\count99
\c@minnames=\count100
\c@maxitems=\count101
\c@minitems=\count102
\c@citecounter=\count103
\c@savedcitecounter=\count104
\c@uniquelist=\count105
\c@uniquename=\count106
\c@refsection=\count107
\c@refsegment=\count108
\c@maxextratitle=\count109
\c@maxextratitleyear=\count110
\c@maxextrayear=\count111
\c@maxextraalpha=\count112
\c@abbrvpenalty=\count113
\c@highnamepenalty=\count114
\c@lownamepenalty=\count115
\c@maxparens=\count116
\c@parenlevel=\count117
\blx@tempcnta=\count118
\blx@tempcntb=\count119
\blx@tempcntc=\count120
\blx@maxsection=\count121
\blx@maxsegment@0=\count122
\blx@notetype=\count123
\blx@parenlevel@text=\count124
\blx@parenlevel@foot=\count125
\blx@sectionciteorder@0=\count126
\labelnumberwidth=\skip43
\labelalphawidth=\skip44
\biblabelsep=\skip45
\bibitemsep=\skip46
\bibnamesep=\skip47
\bibinitsep=\skip48
\bibparsep=\skip49
\bibhang=\skip50
\blx@bcfin=\read1
\blx@bcfout=\write3
\c@mincomprange=\count127
\c@maxcomprange=\count128
\c@mincompwidth=\count129
Package biblatex Info: Trying to load biblatex default data model...
Package biblatex Info: ... file 'blx-dm.def' found.

("C:\Program Files (x86)\MiKTeX 2.9\tex\latex\biblatex\blx-dm.def")
Package biblatex Info: Trying to load biblatex custom data model...
Package biblatex Info: ... file 'biblatex-dm.cfg' not found.
\c@afterword=\count130
\c@savedafterword=\count131
\c@annotator=\count132
\c@savedannotator=\count133
\c@author=\count134
\c@savedauthor=\count135
\c@bookauthor=\count136
\c@savedbookauthor=\count137
\c@commentator=\count138
\c@savedcommentator=\count139
\c@editor=\count140
\c@savededitor=\count141
\c@editora=\count142
\c@savededitora=\count143
\c@editorb=\count144
\c@savededitorb=\count145
\c@editorc=\count146
\c@savededitorc=\count147
\c@foreword=\count148
\c@savedforeword=\count149
\c@holder=\count150
\c@savedholder=\count151
\c@introduction=\count152
\c@savedintroduction=\count153
\c@namea=\count154
\c@savednamea=\count155
\c@nameb=\count156
\c@savednameb=\count157
\c@namec=\count158
\c@savednamec=\count159
\c@translator=\count160
\c@savedtranslator=\count161
\c@shortauthor=\count162
\c@savedshortauthor=\count163
\c@shorteditor=\count164
\c@savedshorteditor=\count165
\c@labelname=\count166
\c@savedlabelname=\count167
\c@institution=\count168
\c@savedinstitution=\count169
\c@lista=\count170
\c@savedlista=\count171
\c@listb=\count172
\c@savedlistb=\count173
\c@listc=\count174
\c@savedlistc=\count175
\c@listd=\count176
\c@savedlistd=\count177
\c@liste=\count178
\c@savedliste=\count179
\c@listf=\count180
\c@savedlistf=\count181
\c@location=\count182
\c@savedlocation=\count183
\c@organization=\count184
\c@savedorganization=\count185
\c@origlocation=\count186
\c@savedoriglocation=\count187
\c@origpublisher=\count188
\c@savedorigpublisher=\count189
\c@publisher=\count190
\c@savedpublisher=\count191
\c@language=\count192
\c@savedlanguage=\count193
\c@pageref=\count194
\c@savedpageref=\count195
\shorthandwidth=\skip51
\shortjournalwidth=\skip52
\shortserieswidth=\skip53
\shorttitlewidth=\skip54
\shortauthorwidth=\skip55
\shorteditorwidth=\skip56
Package biblatex Info: Trying to load compatibility code...
Package biblatex Info: ... file 'blx-compat.def' found.

("C:\Program Files (x86)\MiKTeX 2.9\tex\latex\biblatex\blx-compat.def"
File: blx-compat.def 2016/03/03 v3.3 biblatex compatibility (PK/JW/AB)
)
Package biblatex Info: Trying to load generic definitions...
Package biblatex Info: ... file 'biblatex_.def' found.

("C:\Program Files (x86)\MiKTeX 2.9\tex\latex\biblatex\biblatex_.def"
File: biblatex_.def 
\c@textcitecount=\count196
\c@textcitetotal=\count197
\c@textcitemaxnames=\count198
\c@biburlnumpenalty=\count199
\c@biburlucpenalty=\count266
\c@biburllcpenalty=\count267
\c@smartand=\count268
)
Package biblatex Info: Trying to load bibliography style 'numeric'...
Package biblatex Info: ... file 'numeric.bbx' found.

("C:\Program Files (x86)\MiKTeX 2.9\tex\latex\biblatex\bbx\numeric.bbx"
File: numeric.bbx 2016/03/03 v3.3 biblatex bibliography style (PK/JW/AB)
Package biblatex Info: Trying to load bibliography style 'standard'...
Package biblatex Info: ... file 'standard.bbx' found.

("C:\Program Files (x86)\MiKTeX 2.9\tex\latex\biblatex\bbx\standard.bbx"
File: standard.bbx 2016/03/03 v3.3 biblatex bibliography style (PK/JW/AB)
\c@bbx:relatedcount=\count269
\c@bbx:relatedtotal=\count270
))
Package biblatex Info: Trying to load citation style 'numeric'...
Package biblatex Info: ... file 'numeric.cbx' found.

("C:\Program Files (x86)\MiKTeX 2.9\tex\latex\biblatex\cbx\numeric.cbx"
File: numeric.cbx 2016/03/03 v3.3 biblatex citation style (PK/JW/AB)
Package biblatex Info: Redefining '\cite'.
Package biblatex Info: Redefining '\parencite'.
Package biblatex Info: Redefining '\footcite'.
Package biblatex Info: Redefining '\footcitetext'.
Package biblatex Info: Redefining '\smartcite'.
Package biblatex Info: Redefining '\supercite'.
Package biblatex Info: Redefining '\textcite'.
Package biblatex Info: Redefining '\textcites'.
Package biblatex Info: Redefining '\cites'.
Package biblatex Info: Redefining '\parencites'.
Package biblatex Info: Redefining '\smartcites'.
)
Package biblatex Info: Trying to load configuration file...
Package biblatex Info: ... file 'biblatex.cfg' found.

("C:\Program Files (x86)\MiKTeX 2.9\tex\latex\biblatex\biblatex.cfg"
File: biblatex.cfg 
)))
("C:\Program Files (x86)\MiKTeX 2.9\tex\latex\geometry\geometry.sty"
Package: geometry 2010/09/12 v5.6 Page Geometry

("C:\Program Files (x86)\MiKTeX 2.9\tex\generic\oberdiek\ifpdf.sty"
Package: ifpdf 2011/01/30 v2.3 Provides the ifpdf switch (HO)
Package ifpdf Info: pdfTeX in PDF mode is detected.
)
("C:\Program Files (x86)\MiKTeX 2.9\tex\generic\oberdiek\ifvtex.sty"
Package: ifvtex 2010/03/01 v1.5 Detect VTeX and its facilities (HO)
Package ifvtex Info: VTeX not detected.
)
("C:\Program Files (x86)\MiKTeX 2.9\tex\generic\ifxetex\ifxetex.sty"
Package: ifxetex 2010/09/12 v0.6 Provides ifxetex conditional
)
\Gm@cnth=\count271
\Gm@cntv=\count272
\c@Gm@tempcnt=\count273
\Gm@bindingoffset=\dimen103
\Gm@wd@mp=\dimen104
\Gm@odd@mp=\dimen105
\Gm@even@mp=\dimen106
\Gm@layoutwidth=\dimen107
\Gm@layoutheight=\dimen108
\Gm@layouthoffset=\dimen109
\Gm@layoutvoffset=\dimen110
\Gm@dimlist=\toks15

("C:\Program Files (x86)\MiKTeX 2.9\tex\latex\geometry\geometry.cfg"))
Package biblatex Info: Trying to load language 'english'...
Package biblatex Info: ... file 'english.lbx' found.

("C:\Program Files (x86)\MiKTeX 2.9\tex\latex\biblatex\lbx\english.lbx"
File: english.lbx 2016/03/03 v3.3 biblatex localization (PK/JW/AB)
)
\@quotelevel=\count274
\@quotereset=\count275

(2014MCS2800_2014MCS2124.aux)
\openout1 = `2014MCS2800_2014MCS2124.aux'.

LaTeX Font Info:    Checking defaults for OML/cmm/m/it on input line 11.
LaTeX Font Info:    ... okay on input line 11.
LaTeX Font Info:    Checking defaults for T1/cmr/m/n on input line 11.
LaTeX Font Info:    ... okay on input line 11.
LaTeX Font Info:    Checking defaults for OT1/cmr/m/n on input line 11.
LaTeX Font Info:    ... okay on input line 11.
LaTeX Font Info:    Checking defaults for OMS/cmsy/m/n on input line 11.
LaTeX Font Info:    ... okay on input line 11.
LaTeX Font Info:    Checking defaults for OMX/cmex/m/n on input line 11.
LaTeX Font Info:    ... okay on input line 11.
LaTeX Font Info:    Checking defaults for U/cmr/m/n on input line 11.
LaTeX Font Info:    ... okay on input line 11.
Package biblatex Info: No input encoding detected.
(biblatex)             Assuming 'ascii'.
Package biblatex Info: Automatic encoding selection.
(biblatex)             Assuming data encoding 'ascii'.
\openout3 = `2014MCS2800_2014MCS2124.bcf'.

Package biblatex Info: Trying to load bibliographic data...
Package biblatex Info: ... file '2014MCS2800_2014MCS2124.bbl' not found.

No file 2014MCS2800_2014MCS2124.bbl.
Package biblatex Info: Reference section=0 on input line 11.
Package biblatex Info: Reference segment=0 on input line 11.
*geometry* driver: auto-detecting
*geometry* detected driver: pdftex
*geometry* verbose mode - [ preamble ] result:
* driver: pdftex
* paper: <default>
* layout: <same size as paper>
* layoutoffset:(h,v)=(0.0pt,0.0pt)
* modes: 
* h-part:(L,W,R)=(72.26999pt, 469.75502pt, 72.26999pt)
* v-part:(T,H,B)=(72.26999pt, 650.43001pt, 72.26999pt)
* \paperwidth=614.295pt
* \paperheight=794.96999pt
* \textwidth=469.75502pt
* \textheight=650.43001pt
* \oddsidemargin=0.0pt
* \evensidemargin=0.0pt
* \topmargin=-37.0pt
* \headheight=12.0pt
* \headsep=25.0pt
* \topskip=10.0pt
* \footskip=30.0pt
* \marginparwidth=65.0pt
* \marginparsep=11.0pt
* \columnsep=10.0pt
* \skip\footins=9.0pt plus 4.0pt minus 2.0pt
* \hoffset=0.0pt
* \voffset=0.0pt
* \mag=1000
* \@twocolumnfalse
* \@twosidefalse
* \@mparswitchfalse
* \@reversemarginfalse
* (1in=72.27pt=25.4mm, 1cm=28.453pt)

LaTeX Font Info:    External font `cmex10' loaded for size
(Font)              <12> on input line 12.
LaTeX Font Info:    External font `cmex10' loaded for size
(Font)              <8> on input line 12.
LaTeX Font Info:    External font `cmex10' loaded for size
(Font)              <6> on input line 12.

LaTeX Warning: Citation '1' on page 1 undefined on input line 20.

LaTeX Font Info:    Try loading font information for OMS+cmr on input line 25.
("C:\Program Files (x86)\MiKTeX 2.9\tex\latex\base\omscmr.fd"
File: omscmr.fd 2014/09/29 v2.5h Standard LaTeX font definitions
)
LaTeX Font Info:    Font shape `OMS/cmr/m/n' in size <10> not available
(Font)              Font shape `OMS/cmsy/m/n' tried instead on input line 25.
 [1

{C:/Users/Kapil Thakkar/AppData/Local/MiKTeX/2.9/pdftex/config/pdftex.map}]
(2014MCS2800_2014MCS2124.aux)

LaTeX Warning: There were undefined references.


Package biblatex Warning: Please (re)run Biber on the file:
(biblatex)                2014MCS2800_2014MCS2124
(biblatex)                and rerun LaTeX afterwards.

Package logreq Info: Writing requests to '2014MCS2800_2014MCS2124.run.xml'.
\openout1 = `2014MCS2800_2014MCS2124.run.xml'.

 ) 
Here is how much of TeX's memory you used:
 6612 strings out of 493634
 115329 string characters out of 3141288
 506537 words of memory out of 3000000
 9971 multiletter control sequences out of 15000+200000
 7934 words of font info for 28 fonts, out of 3000000 for 9000
 1025 hyphenation exceptions out of 8191
 44i,6n,32p,848b,733s stack positions out of 5000i,500n,10000p,200000b,50000s
<C:/Program Files (x86)/MiKTeX 2.9/fonts/type1/public/amsfonts/cm/cmbx10.pfb>
<C:/Program Files (x86)/MiKTeX 2.9/fonts/type1/public/amsfonts/cm/cmbx12.pfb><C
:/Program Files (x86)/MiKTeX 2.9/fonts/type1/public/amsfonts/cm/cmr10.pfb><C:/P
rogram Files (x86)/MiKTeX 2.9/fonts/type1/public/amsfonts/cm/cmr12.pfb><C:/Prog
ram Files (x86)/MiKTeX 2.9/fonts/type1/public/amsfonts/cm/cmr17.pfb><C:/Program
 Files (x86)/MiKTeX 2.9/fonts/type1/public/amsfonts/cm/cmsy10.pfb><C:/Program F
iles (x86)/MiKTeX 2.9/fonts/type1/public/amsfonts/cm/cmti10.pfb>
Output written on 2014MCS2800_2014MCS2124.pdf (1 page, 86001 bytes).
PDF statistics:
 34 PDF objects out of 1000 (max. 8388607)
 0 named destinations out of 1000 (max. 500000)
 1 words of extra memory for PDF output out of 10000 (max. 10000000)

